<testsuites id="" name="" tests="12" failures="0" skipped="0" errors="0" time="8.304334999999998">
<testsuite name="visual.spec.js" timestamp="2026-04-04T16:26:36.954Z" hostname="chromium" tests="12" failures="0" skipped="0" time="7.653" errors="0">
<testcase name="Visual Regression Tests › Desktop Screenshots › homepage full page screenshot" classname="visual.spec.js" time="0.966">
</testcase>
<testcase name="Visual Regression Tests › Desktop Screenshots › hero section screenshot" classname="visual.spec.js" time="0.339">
</testcase>
<testcase name="Visual Regression Tests › Desktop Screenshots › projects section screenshot" classname="visual.spec.js" time="0.45">
</testcase>
<testcase name="Visual Regression Tests › Desktop Screenshots › resume section screenshot" classname="visual.spec.js" time="0.483">
</testcase>
<testcase name="Visual Regression Tests › Mobile Screenshots › mobile homepage screenshot" classname="visual.spec.js" time="2.001">
</testcase>
<testcase name="Visual Regression Tests › Mobile Screenshots › mobile hero section screenshot" classname="visual.spec.js" time="0.31">
</testcase>
<testcase name="Visual Regression Tests › Mobile Screenshots › mobile project card screenshot" classname="visual.spec.js" time="0.294">
</testcase>
<testcase name="Visual Regression Tests › Tablet Screenshots › tablet homepage screenshot" classname="visual.spec.js" time="0.765">
</testcase>
<testcase name="Visual Regression Tests › Dark Mode Screenshots › dark mode preference screenshot" classname="visual.spec.js" time="0.973">
</testcase>
<testcase name="Visual Regression Tests › Component Screenshots › footer screenshot" classname="visual.spec.js" time="0.327">
</testcase>
<testcase name="Visual Regression Tests › Component Screenshots › hero download buttons screenshot" classname="visual.spec.js" time="0.383">
</testcase>
<testcase name="Visual Regression Tests › Component Screenshots › single project card screenshot" classname="visual.spec.js" time="0.362">
</testcase>
</testsuite>
</testsuites>